# JRE version: OpenJDK Runtime Environment (8.0_76-b03) (build 1.8.0_76-release-b03)
# Java VM: OpenJDK 64-Bit Server VM (25.76-b03 mixed mode linux-amd64 compressed oops)
Heap:
 PSYoungGen      total 418816K, used 16818K [0x00000000e0000000, 0x0000000100000000, 0x0000000100000000)
  eden space 369664K, 0% used [0x00000000e0000000,0x00000000e0000000,0x00000000f6900000)
  from space 49152K, 34% used [0x00000000fd000000,0x00000000fe06c938,0x0000000100000000)
  to   space 77312K, 0% used [0x00000000f6900000,0x00000000f6900000,0x00000000fb480000)
 ParOldGen       total 159232K, used 158789K [0x00000000a0000000, 0x00000000a9b80000, 0x00000000e0000000)
  object space 159232K, 99% used [0x00000000a0000000,0x00000000a9b114c8,0x00000000a9b80000)
 Metaspace       used 81668K, capacity 86378K, committed 87552K, reserved 1124352K
  class space    used 10557K, capacity 11457K, committed 11776K, reserved 1048576K
GC Heap History (10 events):
Event: 2566.880 GC heap after
Heap after GC invocations=22 (full 4):
 PSYoungGen      total 478208K, used 0K [0x00000000e0000000, 0x0000000100000000, 0x0000000100000000)
  eden space 431104K, 0% used [0x00000000e0000000,0x00000000e0000000,0x00000000fa500000)
  from space 47104K, 0% used [0x00000000fd200000,0x00000000fd200000,0x0000000100000000)
  to   space 46080K, 0% used [0x00000000fa500000,0x00000000fa500000,0x00000000fd200000)
 ParOldGen       total 159232K, used 88354K [0x00000000a0000000, 0x00000000a9b80000, 0x00000000e0000000)
  object space 159232K, 55% used [0x00000000a0000000,0x00000000a5648848,0x00000000a9b80000)
 Metaspace       used 71006K, capacity 75074K, committed 77312K, reserved 1116160K
  class space    used 9357K, capacity 10171K, committed 10752K, reserved 1048576K
}
Event: 2637.250 GC heap before
{Heap before GC invocations=23 (full 4):
 PSYoungGen      total 478208K, used 431104K [0x00000000e0000000, 0x0000000100000000, 0x0000000100000000)
  eden space 431104K, 100% used [0x00000000e0000000,0x00000000fa500000,0x00000000fa500000)
  from space 47104K, 0% used [0x00000000fd200000,0x00000000fd200000,0x0000000100000000)
  to   space 46080K, 0% used [0x00000000fa500000,0x00000000fa500000,0x00000000fd200000)
 ParOldGen       total 159232K, used 88354K [0x00000000a0000000, 0x00000000a9b80000, 0x00000000e0000000)
  object space 159232K, 55% used [0x00000000a0000000,0x00000000a5648848,0x00000000a9b80000)
 Metaspace       used 76306K, capacity 80716K, committed 82048K, reserved 1120256K
  class space    used 10008K, capacity 10838K, committed 11136K, reserved 1048576K
Event: 2637.751 GC heap after
Heap after GC invocations=23 (full 4):
 PSYoungGen      total 446976K, used 15660K [0x00000000e0000000, 0x00000000ffb00000, 0x0000000100000000)
  eden space 431104K, 0% used [0x00000000e0000000,0x00000000e0000000,0x00000000fa500000)
  from space 15872K, 98% used [0x00000000fa500000,0x00000000fb44b0d0,0x00000000fb480000)
  to   space 44032K, 0% used [0x00000000fd000000,0x00000000fd000000,0x00000000ffb00000)
 ParOldGen       total 159232K, used 88362K [0x00000000a0000000, 0x00000000a9b80000, 0x00000000e0000000)
  object space 159232K, 55% used [0x00000000a0000000,0x00000000a564a848,0x00000000a9b80000)
 Metaspace       used 76306K, capacity 80716K, committed 82048K, reserved 1120256K
  class space    used 10008K, capacity 10838K, committed 11136K, reserved 1048576K
}
Event: 2644.323 GC heap before
{Heap before GC invocations=24 (full 4):
 PSYoungGen      total 446976K, used 446655K [0x00000000e0000000, 0x00000000ffb00000, 0x0000000100000000)
  eden space 431104K, 99% used [0x00000000e0000000,0x00000000fa4e4c40,0x00000000fa500000)
  from space 15872K, 98% used [0x00000000fa500000,0x00000000fb44b0d0,0x00000000fb480000)
  to   space 44032K, 0% used [0x00000000fd000000,0x00000000fd000000,0x00000000ffb00000)
 ParOldGen       total 159232K, used 88362K [0x00000000a0000000, 0x00000000a9b80000, 0x00000000e0000000)
  object space 159232K, 55% used [0x00000000a0000000,0x00000000a564a848,0x00000000a9b80000)
 Metaspace       used 77909K, capacity 82404K, committed 83584K, reserved 1122304K
  class space    used 10194K, capacity 11040K, committed 11392K, reserved 1048576K
Event: 2644.344 GC heap after
Heap after GC invocations=24 (full 4):
 PSYoungGen      total 475648K, used 6029K [0x00000000e0000000, 0x0000000100000000, 0x0000000100000000)
  eden space 431616K, 0% used [0x00000000e0000000,0x00000000e0000000,0x00000000fa580000)
  from space 44032K, 13% used [0x00000000fd000000,0x00000000fd5e3510,0x00000000ffb00000)
  to   space 43520K, 0% used [0x00000000fa580000,0x00000000fa580000,0x00000000fd000000)
 ParOldGen       total 159232K, used 99898K [0x00000000a0000000, 0x00000000a9b80000, 0x00000000e0000000)
  object space 159232K, 62% used [0x00000000a0000000,0x00000000a618ea30,0x00000000a9b80000)
 Metaspace       used 77909K, capacity 82404K, committed 83584K, reserved 1122304K
  class space    used 10194K, capacity 11040K, committed 11392K, reserved 1048576K
}
Event: 2647.507 GC heap before
{Heap before GC invocations=25 (full 4):
 PSYoungGen      total 475648K, used 437645K [0x00000000e0000000, 0x0000000100000000, 0x0000000100000000)
  eden space 431616K, 100% used [0x00000000e0000000,0x00000000fa580000,0x00000000fa580000)
  from space 44032K, 13% used [0x00000000fd000000,0x00000000fd5e3510,0x00000000ffb00000)
  to   space 43520K, 0% used [0x00000000fa580000,0x00000000fa580000,0x00000000fd000000)
 ParOldGen       total 159232K, used 99898K [0x00000000a0000000, 0x00000000a9b80000, 0x00000000e0000000)
  object space 159232K, 62% used [0x00000000a0000000,0x00000000a618ea30,0x00000000a9b80000)
 Metaspace       used 81437K, capacity 86120K, committed 87168K, reserved 1124352K
  class space    used 10560K, capacity 11432K, committed 11648K, reserved 1048576K
Event: 2647.722 GC heap after
Heap after GC invocations=25 (full 4):
 PSYoungGen      total 475136K, used 43498K [0x00000000e0000000, 0x0000000100000000, 0x0000000100000000)
  eden space 431616K, 0% used [0x00000000e0000000,0x00000000e0000000,0x00000000fa580000)
  from space 43520K, 99% used [0x00000000fa580000,0x00000000fcffa938,0x00000000fd000000)
  to   space 49152K, 0% used [0x00000000fd000000,0x00000000fd000000,0x0000000100000000)
 ParOldGen       total 159232K, used 112715K [0x00000000a0000000, 0x00000000a9b80000, 0x00000000e0000000)
  object space 159232K, 70% used [0x00000000a0000000,0x00000000a6e12ea8,0x00000000a9b80000)
 Metaspace       used 81437K, capacity 86120K, committed 87168K, reserved 1124352K
  class space    used 10560K, capacity 11432K, committed 11648K, reserved 1048576K
}
Event: 2649.225 GC heap before
{Heap before GC invocations=26 (full 4):
 PSYoungGen      total 475136K, used 475114K [0x00000000e0000000, 0x0000000100000000, 0x0000000100000000)
  eden space 431616K, 100% used [0x00000000e0000000,0x00000000fa580000,0x00000000fa580000)
  from space 43520K, 99% used [0x00000000fa580000,0x00000000fcffa938,0x00000000fd000000)
  to   space 49152K, 0% used [0x00000000fd000000,0x00000000fd000000,0x0000000100000000)
 ParOldGen       total 159232K, used 112715K [0x00000000a0000000, 0x00000000a9b80000, 0x00000000e0000000)
  object space 159232K, 70% used [0x00000000a0000000,0x00000000a6e12ea8,0x00000000a9b80000)
 Metaspace       used 81679K, capacity 86408K, committed 87552K, reserved 1124352K
  class space    used 10561K, capacity 11464K, committed 11776K, reserved 1048576K
Event: 2649.439 GC heap after
Heap after GC invocations=26 (full 4):
 PSYoungGen      total 418816K, used 49121K [0x00000000e0000000, 0x0000000100000000, 0x0000000100000000)
  eden space 369664K, 0% used [0x00000000e0000000,0x00000000e0000000,0x00000000f6900000)
  from space 49152K, 99% used [0x00000000fd000000,0x00000000ffff8468,0x0000000100000000)
  to   space 77312K, 0% used [0x00000000f6900000,0x00000000f6900000,0x00000000fb480000)
 ParOldGen       total 159232K, used 152522K [0x00000000a0000000, 0x00000000a9b80000, 0x00000000e0000000)
  object space 159232K, 95% used [0x00000000a0000000,0x00000000a94f2b18,0x00000000a9b80000)
 Metaspace       used 81679K, capacity 86408K, committed 87552K, reserved 1124352K
  class space    used 10561K, capacity 11464K, committed 11776K, reserved 1048576K
}
Event: 2649.472 GC heap before
{Heap before GC invocations=27 (full 5):
 PSYoungGen      total 418816K, used 49121K [0x00000000e0000000, 0x0000000100000000, 0x0000000100000000)
  eden space 369664K, 0% used [0x00000000e0000000,0x00000000e0000000,0x00000000f6900000)
  from space 49152K, 99% used [0x00000000fd000000,0x00000000ffff8468,0x0000000100000000)
  to   space 77312K, 0% used [0x00000000f6900000,0x00000000f6900000,0x00000000fb480000)
 ParOldGen       total 159232K, used 152522K [0x00000000a0000000, 0x00000000a9b80000, 0x00000000e0000000)
  object space 159232K, 95% used [0x00000000a0000000,0x00000000a94f2b18,0x00000000a9b80000)
 Metaspace       used 81679K, capacity 86408K, committed 87552K, reserved 1124352K
  class space    used 10561K, capacity 11464K, committed 11776K, reserved 1048576K

